<?xml version="1.0" encoding="UTF-8"?>
<testsuite xmlns:xsi="http://www.w3.org/2001/XMLSchema-instance" xsi:noNamespaceSchemaLocation="https://maven.apache.org/surefire/maven-surefire-plugin/xsd/surefire-test-report-3.0.xsd" version="3.0" name="com.platform.auth.AuthApplicationTests" time="19.376" tests="1" errors="0" skipped="0" failures="0">
  <properties>
[...]
</properties>
  <testcase name="contextLoads" classname="com.platform.auth.AuthApplicationTests" time="3.04">
    <system-out><![CDATA[19:17:55.820 [main] INFO org.springframework.test.context.support.AnnotationConfigContextLoaderUtils -- Could not detect default configuration classes for test class [com.platform.auth.AuthApplicationTests]: AuthApplicationTests does not declare any static, non-private, non-final, nested classes annotated with @Configuration.
19:17:56.486 [main] INFO org.springframework.boot.test.context.SpringBootTestContextBootstrapper -- Found @SpringBootConfiguration com.platform.auth.AuthApplication for test class com.platform.auth.AuthApplicationTests

  .   ____          _            __ _ _
 /\\ / ___'_ __ _ _(_)_ __  __ _ \ \ \ \
( ( )\___ | '_ | '_| | '_ \/ _` | \ \ \ \
 \\/  ___)| |_)| | | | | || (_| |  ) ) ) )
  '  |____| .__|_| |_|_| |_\__, | / / / /
 =========|_|==============|___/=/_/_/_/

 :: Spring Boot ::                (v3.3.1)

2026-09-13T19:17:58.659-06:00  INFO 1460 --- [auth-service] [           main] com.platform.auth.AuthApplicationTests   : Starting AuthApplicationTests using Java 17.0.15 with PID 1460 (started by Benjamin in C:\Windows.old\Users\ODUNAYO\Documents\AWS-Cloud-Program\enterprise-platform\enterprise-microservices\services\auth-service)
2026-09-13T19:17:58.664-06:00  INFO 1460 --- [auth-service] [           main] com.platform.auth.AuthApplicationTests   : No active profile set, falling back to 1 default profile: "default"
2026-09-13T19:18:09.435-06:00  INFO 1460 --- [auth-service] [           main] o.s.b.a.e.web.EndpointLinksResolver      : Exposing 3 endpoints beneath base path '/actuator'
2026-09-13T19:18:10.138-06:00  INFO 1460 --- [auth-service] [           main] com.platform.auth.AuthApplicationTests   : Started AuthApplicationTests in 13.065 seconds (process running for 18.738)
]]></system-out>
  </testcase>
</testsuite>